Using pre-set license
Built from '2021.1/staging' branch; Version is '2021.1.6f1 (c0fade0cc7e9) revision 12647134'; Using compiler version '192528614'; Build Type 'Release'
OS: 'Windows 10 Enterprise; OS build 19041.1052; Version 2004; 64bit' Language: 'en' Physical Memory: 32683 MB
BatchMode: 1, IsHumanControllingUs: 0, StartBugReporterOnCrash: 0, Is64bit: 1, IsPro: 0

 COMMAND LINE ARGUMENTS:
C:\Program Files\Unity\Unity 2021.1.6f1\Editor\Unity.exe
-adb2
-batchMode
-noUpm
-name
AssetImportWorker0
-projectPath
C:/Users/rrussell3/Documents/GitHub/flappy Voice
-logFile
Logs/AssetImportWorker0.log
-srvPort
50703
Successfully changed project path to: C:/Users/rrussell3/Documents/GitHub/flappy Voice
C:/Users/rrussell3/Documents/GitHub/flappy Voice
Using Asset Import Pipeline V2.
Refreshing native plugins compatible for Editor in 96.75 ms, found 2 plugins.
Preloading 0 native plugins for Editor in 0.00 ms.
Initialize engine version: 2021.1.6f1 (c0fade0cc7e9)
[Subsystems] Discovering subsystems at path C:/Program Files/Unity/Unity 2021.1.6f1/Editor/Data/Resources/UnitySubsystems
[Subsystems] Discovering subsystems at path C:/Users/rrussell3/Documents/GitHub/flappy Voice/Assets
GfxDevice: creating device client; threaded=0; jobified=0
Direct3D:
    Version:  Direct3D 11.0 [level 11.1]
    Renderer: NVIDIA GeForce GTX 980 (ID=0x13c0)
    Vendor:   NVIDIA
    VRAM:     4053 MB
    Driver:   27.21.14.5671
Initialize mono
Mono path[0] = 'C:/Program Files/Unity/Unity 2021.1.6f1/Editor/Data/Managed'
Mono path[1] = 'C:/Program Files/Unity/Unity 2021.1.6f1/Editor/Data/MonoBleedingEdge/lib/mono/unityjit'
Mono config path = 'C:/Program Files/Unity/Unity 2021.1.6f1/Editor/Data/MonoBleedingEdge/etc'
Using monoOptions --debugger-agent=transport=dt_socket,embedding=1,server=y,suspend=n,address=127.0.0.1:56368
Begin MonoManager ReloadAssembly
Registering precompiled unity dll's ...
Register platform support module: C:/Program Files/Unity/Unity 2021.1.6f1/Editor/Data/PlaybackEngines/WindowsStandaloneSupport/UnityEditor.WindowsStandalone.Extensions.dll
Registered in 0.002127 seconds.
Native extension for WindowsStandalone target not found
Refreshing native plugins compatible for Editor in 92.09 ms, found 2 plugins.
Preloading 0 native plugins for Editor in 0.00 ms.
Mono: successfully reloaded assembly
- Completed reload, in  1.427 seconds
Platform modules already initialized, skipping
Registering precompiled user dll's ...
Registered in 0.005708 seconds.
Begin MonoManager ReloadAssembly
Native extension for WindowsStandalone target not found
Refreshing native plugins compatible for Editor in 102.14 ms, found 2 plugins.
Preloading 0 native plugins for Editor in 0.00 ms.
Mono: successfully reloaded assembly
- Completed reload, in  1.186 seconds
Platform modules already initialized, skipping
========================================================================
Worker process is ready to serve import requests
Launched and connected shader compiler UnityShaderCompiler.exe after 0.07 seconds
Refreshing native plugins compatible for Editor in 0.59 ms, found 2 plugins.
Preloading 0 native plugins for Editor in 0.00 ms.
Unloading 3370 Unused Serialized files (Serialized files now loaded: 0)
System memory in use before: 127.8 MB.
System memory in use after: 127.9 MB.

Unloading 29 unused Assets to reduce memory usage. Loaded Objects now: 3822.
Total: 2.984900 ms (FindLiveObjects: 0.297900 ms CreateObjectMapping: 0.215500 ms MarkObjects: 2.284900 ms  DeleteObjects: 0.185600 ms)

========================================================================
Received Import Request.
  path: Assets/_Creepy_Cat
  artifactKey: Guid(e71b01171326a3543923a6b9dc43b033) Importer(815301076,1909f56bfc062723c751e8b465ee728b)
Start importing Assets/_Creepy_Cat using Guid(e71b01171326a3543923a6b9dc43b033) Importer(815301076,1909f56bfc062723c751e8b465ee728b)  -> (artifact id: 'e952d9f1c0f104d8c059fdec59035cc4') in 0.006055 seconds 
========================================================================
Received Import Request.
  Time since last request: 0.000415 seconds.
  path: Assets/_Creepy_Cat/2D GamesAssets_Free
  artifactKey: Guid(6126dab43a6a547d6874a87ba6ed1f9c) Importer(815301076,1909f56bfc062723c751e8b465ee728b)
Start importing Assets/_Creepy_Cat/2D GamesAssets_Free using Guid(6126dab43a6a547d6874a87ba6ed1f9c) Importer(815301076,1909f56bfc062723c751e8b465ee728b)  -> (artifact id: 'ba740f82cfbfd790a53514a6efb84cd3') in 0.002943 seconds 
========================================================================
Received Prepare
Registering precompiled user dll's ...
Registered in 0.005849 seconds.
Begin MonoManager ReloadAssembly
Native extension for WindowsStandalone target not found
Refreshing native plugins compatible for Editor in 0.67 ms, found 2 plugins.
Preloading 0 native plugins for Editor in 0.00 ms.
Mono: successfully reloaded assembly
- Completed reload, in  1.011 seconds
Platform modules already initialized, skipping
Refreshing native plugins compatible for Editor in 1.36 ms, found 2 plugins.
Preloading 0 native plugins for Editor in 0.00 ms.
Unloading 3365 Unused Serialized files (Serialized files now loaded: 0)
System memory in use before: 127.8 MB.
System memory in use after: 127.9 MB.

Unloading 17 unused Assets to reduce memory usage. Loaded Objects now: 3826.
Total: 2.792600 ms (FindLiveObjects: 0.273900 ms CreateObjectMapping: 0.192100 ms MarkObjects: 2.190900 ms  DeleteObjects: 0.134800 ms)

AssetImportWorkerClient::OnTransportError - code=2 error=End of file
